C:\USERS\THE HIP\DOCUMENTS\VISUAL STUDIO 2010\PROJECTS\PHYSICSENGINE\DEBUG\PHYSICSENGINE.LIB
C:\USERS\THE HIP\DOCUMENTS\VISUAL STUDIO 2010\PROJECTS\PHYSICSENGINE\PHYSICSENGINE\DEBUG\ADDITIONALCODE.OBJ
C:\USERS\THE HIP\DOCUMENTS\VISUAL STUDIO 2010\PROJECTS\PHYSICSENGINE\PHYSICSENGINE\DEBUG\BOUNDINGVOLUME.OBJ
C:\Users\The Hip\Documents\Visual Studio 2010\Projects\PhysicsEngine\PhysicsEngine\Debug\cl.command.1.tlog
C:\Users\The Hip\Documents\Visual Studio 2010\Projects\PhysicsEngine\PhysicsEngine\Debug\CL.read.1.tlog
C:\Users\The Hip\Documents\Visual Studio 2010\Projects\PhysicsEngine\PhysicsEngine\Debug\CL.write.1.tlog
C:\USERS\THE HIP\DOCUMENTS\VISUAL STUDIO 2010\PROJECTS\PHYSICSENGINE\PHYSICSENGINE\DEBUG\COLLISIONDETECT.OBJ
C:\USERS\THE HIP\DOCUMENTS\VISUAL STUDIO 2010\PROJECTS\PHYSICSENGINE\PHYSICSENGINE\DEBUG\CONTACTRESOLUTION.OBJ
C:\USERS\THE HIP\DOCUMENTS\VISUAL STUDIO 2010\PROJECTS\PHYSICSENGINE\PHYSICSENGINE\DEBUG\FORCE_GENERATOR.OBJ
C:\USERS\THE HIP\DOCUMENTS\VISUAL STUDIO 2010\PROJECTS\PHYSICSENGINE\PHYSICSENGINE\DEBUG\JOINTS.OBJ
C:\Users\The Hip\Documents\Visual Studio 2010\Projects\PhysicsEngine\PhysicsEngine\Debug\lib.command.1.tlog
C:\Users\The Hip\Documents\Visual Studio 2010\Projects\PhysicsEngine\PhysicsEngine\Debug\Lib-link.read.1.tlog
C:\Users\The Hip\Documents\Visual Studio 2010\Projects\PhysicsEngine\PhysicsEngine\Debug\Lib-link.write.1.tlog
C:\USERS\THE HIP\DOCUMENTS\VISUAL STUDIO 2010\PROJECTS\PHYSICSENGINE\PHYSICSENGINE\DEBUG\MAIN.OBJ
C:\USERS\THE HIP\DOCUMENTS\VISUAL STUDIO 2010\PROJECTS\PHYSICSENGINE\PHYSICSENGINE\DEBUG\PARTICLE.OBJ
C:\USERS\THE HIP\DOCUMENTS\VISUAL STUDIO 2010\PROJECTS\PHYSICSENGINE\PHYSICSENGINE\DEBUG\PCONTACTS.OBJ
C:\USERS\THE HIP\DOCUMENTS\VISUAL STUDIO 2010\PROJECTS\PHYSICSENGINE\PHYSICSENGINE\DEBUG\PFGEN.OBJ
C:\USERS\THE HIP\DOCUMENTS\VISUAL STUDIO 2010\PROJECTS\PHYSICSENGINE\PHYSICSENGINE\DEBUG\PHYSAPP.OBJ
C:\USERS\THE HIP\DOCUMENTS\VISUAL STUDIO 2010\PROJECTS\PHYSICSENGINE\PHYSICSENGINE\DEBUG\PHYSBODY.OBJ
C:\USERS\THE HIP\DOCUMENTS\VISUAL STUDIO 2010\PROJECTS\PHYSICSENGINE\PHYSICSENGINE\DEBUG\PHYSWORLD.OBJ
C:\USERS\THE HIP\DOCUMENTS\VISUAL STUDIO 2010\PROJECTS\PHYSICSENGINE\PHYSICSENGINE\DEBUG\PLINKS.OBJ
C:\USERS\THE HIP\DOCUMENTS\VISUAL STUDIO 2010\PROJECTS\PHYSICSENGINE\PHYSICSENGINE\DEBUG\PWORLD.OBJ
C:\USERS\THE HIP\DOCUMENTS\VISUAL STUDIO 2010\PROJECTS\PHYSICSENGINE\PHYSICSENGINE\DEBUG\RANDOM.OBJ
C:\USERS\THE HIP\DOCUMENTS\VISUAL STUDIO 2010\PROJECTS\PHYSICSENGINE\PHYSICSENGINE\DEBUG\TIMING.OBJ
C:\Users\The Hip\Documents\Visual Studio 2010\Projects\PhysicsEngine\PhysicsEngine\Debug\vc100.idb
C:\USERS\THE HIP\DOCUMENTS\VISUAL STUDIO 2010\PROJECTS\PHYSICSENGINE\PHYSICSENGINE\DEBUG\VC100.PDB
