C:\USERS\THE HIP\DOCUMENTS\VISUAL STUDIO 2010\PROJECTS\PHYSICSENGINE\DEBUG\PHYSDEMO_RAGDOLL.EXE
C:\USERS\THE HIP\DOCUMENTS\VISUAL STUDIO 2010\PROJECTS\PHYSICSENGINE\DEBUG\PHYSDEMO_RAGDOLL.ILK
C:\USERS\THE HIP\DOCUMENTS\VISUAL STUDIO 2010\PROJECTS\PHYSICSENGINE\DEBUG\PHYSDEMO_RAGDOLL.PDB
C:\Users\The Hip\Documents\Visual Studio 2010\Projects\PhysicsEngine\PhysDemo_Ragdoll\Debug\cl.command.1.tlog
C:\Users\The Hip\Documents\Visual Studio 2010\Projects\PhysicsEngine\PhysDemo_Ragdoll\Debug\CL.read.1.tlog
C:\Users\The Hip\Documents\Visual Studio 2010\Projects\PhysicsEngine\PhysDemo_Ragdoll\Debug\CL.write.1.tlog
C:\Users\The Hip\Documents\Visual Studio 2010\Projects\PhysicsEngine\PhysDemo_Ragdoll\Debug\link.command.1.tlog
C:\Users\The Hip\Documents\Visual Studio 2010\Projects\PhysicsEngine\PhysDemo_Ragdoll\Debug\link.read.1.tlog
C:\Users\The Hip\Documents\Visual Studio 2010\Projects\PhysicsEngine\PhysDemo_Ragdoll\Debug\link.write.1.tlog
C:\Users\The Hip\Documents\Visual Studio 2010\Projects\PhysicsEngine\PhysDemo_Ragdoll\Debug\link-cvtres.read.1.tlog
C:\Users\The Hip\Documents\Visual Studio 2010\Projects\PhysicsEngine\PhysDemo_Ragdoll\Debug\link-cvtres.write.1.tlog
C:\Users\The Hip\Documents\Visual Studio 2010\Projects\PhysicsEngine\PhysDemo_Ragdoll\Debug\mt.command.1.tlog
C:\Users\The Hip\Documents\Visual Studio 2010\Projects\PhysicsEngine\PhysDemo_Ragdoll\Debug\mt.read.1.tlog
C:\Users\The Hip\Documents\Visual Studio 2010\Projects\PhysicsEngine\PhysDemo_Ragdoll\Debug\mt.write.1.tlog
C:\USERS\THE HIP\DOCUMENTS\VISUAL STUDIO 2010\PROJECTS\PHYSICSENGINE\PHYSDEMO_RAGDOLL\DEBUG\PHYSDEMO_RAGDOLL.EXE.EMBED.MANIFEST
C:\USERS\THE HIP\DOCUMENTS\VISUAL STUDIO 2010\PROJECTS\PHYSICSENGINE\PHYSDEMO_RAGDOLL\DEBUG\PHYSDEMO_RAGDOLL.EXE.EMBED.MANIFEST.RES
C:\USERS\THE HIP\DOCUMENTS\VISUAL STUDIO 2010\PROJECTS\PHYSICSENGINE\PHYSDEMO_RAGDOLL\DEBUG\PHYSDEMO_RAGDOLL.EXE.INTERMEDIATE.MANIFEST
C:\Users\The Hip\Documents\Visual Studio 2010\Projects\PhysicsEngine\PhysDemo_Ragdoll\Debug\PhysDemo_Ragdoll.write.1.tlog
C:\Users\The Hip\Documents\Visual Studio 2010\Projects\PhysicsEngine\PhysDemo_Ragdoll\Debug\PhysDemo_Ragdoll_manifest.rc
C:\USERS\THE HIP\DOCUMENTS\VISUAL STUDIO 2010\PROJECTS\PHYSICSENGINE\PHYSDEMO_RAGDOLL\DEBUG\RAGDOLL.OBJ
C:\Users\The Hip\Documents\Visual Studio 2010\Projects\PhysicsEngine\PhysDemo_Ragdoll\Debug\rc.command.1.tlog
C:\Users\The Hip\Documents\Visual Studio 2010\Projects\PhysicsEngine\PhysDemo_Ragdoll\Debug\rc.read.1.tlog
C:\Users\The Hip\Documents\Visual Studio 2010\Projects\PhysicsEngine\PhysDemo_Ragdoll\Debug\rc.write.1.tlog
C:\Users\The Hip\Documents\Visual Studio 2010\Projects\PhysicsEngine\PhysDemo_Ragdoll\Debug\vc100.idb
C:\USERS\THE HIP\DOCUMENTS\VISUAL STUDIO 2010\PROJECTS\PHYSICSENGINE\PHYSDEMO_RAGDOLL\DEBUG\VC100.PDB
