C:\USERS\THE HIP\DOCUMENTS\VISUAL STUDIO 2010\PROJECTS\PHYSICSENGINE\DEBUG\PHYSDEMO_FRACTURE.EXE
C:\USERS\THE HIP\DOCUMENTS\VISUAL STUDIO 2010\PROJECTS\PHYSICSENGINE\DEBUG\PHYSDEMO_FRACTURE.ILK
C:\USERS\THE HIP\DOCUMENTS\VISUAL STUDIO 2010\PROJECTS\PHYSICSENGINE\DEBUG\PHYSDEMO_FRACTURE.PDB
C:\Users\The Hip\Documents\Visual Studio 2010\Projects\PhysicsEngine\PhysDemo_Fracture\Debug\cl.command.1.tlog
C:\Users\The Hip\Documents\Visual Studio 2010\Projects\PhysicsEngine\PhysDemo_Fracture\Debug\CL.read.1.tlog
C:\Users\The Hip\Documents\Visual Studio 2010\Projects\PhysicsEngine\PhysDemo_Fracture\Debug\CL.write.1.tlog
C:\Users\The Hip\Documents\Visual Studio 2010\Projects\PhysicsEngine\PhysDemo_Fracture\Debug\link.command.1.tlog
C:\Users\The Hip\Documents\Visual Studio 2010\Projects\PhysicsEngine\PhysDemo_Fracture\Debug\link.read.1.tlog
C:\Users\The Hip\Documents\Visual Studio 2010\Projects\PhysicsEngine\PhysDemo_Fracture\Debug\link.write.1.tlog
C:\Users\The Hip\Documents\Visual Studio 2010\Projects\PhysicsEngine\PhysDemo_Fracture\Debug\link-cvtres.read.1.tlog
C:\Users\The Hip\Documents\Visual Studio 2010\Projects\PhysicsEngine\PhysDemo_Fracture\Debug\link-cvtres.write.1.tlog
C:\Users\The Hip\Documents\Visual Studio 2010\Projects\PhysicsEngine\PhysDemo_Fracture\Debug\mt.command.1.tlog
C:\Users\The Hip\Documents\Visual Studio 2010\Projects\PhysicsEngine\PhysDemo_Fracture\Debug\mt.read.1.tlog
C:\Users\The Hip\Documents\Visual Studio 2010\Projects\PhysicsEngine\PhysDemo_Fracture\Debug\mt.write.1.tlog
C:\USERS\THE HIP\DOCUMENTS\VISUAL STUDIO 2010\PROJECTS\PHYSICSENGINE\PHYSDEMO_FRACTURE\DEBUG\PHYSDEMO_FRACTURE.EXE.EMBED.MANIFEST
C:\USERS\THE HIP\DOCUMENTS\VISUAL STUDIO 2010\PROJECTS\PHYSICSENGINE\PHYSDEMO_FRACTURE\DEBUG\PHYSDEMO_FRACTURE.EXE.EMBED.MANIFEST.RES
C:\USERS\THE HIP\DOCUMENTS\VISUAL STUDIO 2010\PROJECTS\PHYSICSENGINE\PHYSDEMO_FRACTURE\DEBUG\PHYSDEMO_FRACTURE.EXE.INTERMEDIATE.MANIFEST
C:\USERS\THE HIP\DOCUMENTS\VISUAL STUDIO 2010\PROJECTS\PHYSICSENGINE\PHYSDEMO_FRACTURE\DEBUG\PHYSDEMO_FRACTURE.OBJ
C:\Users\The Hip\Documents\Visual Studio 2010\Projects\PhysicsEngine\PhysDemo_Fracture\Debug\PhysDemo_Fracture.write.1.tlog
C:\Users\The Hip\Documents\Visual Studio 2010\Projects\PhysicsEngine\PhysDemo_Fracture\Debug\PhysDemo_Fracture_manifest.rc
C:\Users\The Hip\Documents\Visual Studio 2010\Projects\PhysicsEngine\PhysDemo_Fracture\Debug\rc.command.1.tlog
C:\Users\The Hip\Documents\Visual Studio 2010\Projects\PhysicsEngine\PhysDemo_Fracture\Debug\rc.read.1.tlog
C:\Users\The Hip\Documents\Visual Studio 2010\Projects\PhysicsEngine\PhysDemo_Fracture\Debug\rc.write.1.tlog
C:\Users\The Hip\Documents\Visual Studio 2010\Projects\PhysicsEngine\PhysDemo_Fracture\Debug\ResolveAssemblyReference.cache
C:\Users\The Hip\Documents\Visual Studio 2010\Projects\PhysicsEngine\PhysDemo_Fracture\Debug\vc100.idb
C:\USERS\THE HIP\DOCUMENTS\VISUAL STUDIO 2010\PROJECTS\PHYSICSENGINE\PHYSDEMO_FRACTURE\DEBUG\VC100.PDB
