C:\USERS\THE HIP\DOCUMENTS\VISUAL STUDIO 2010\PROJECTS\PHYSICSENGINE\DEBUG\PHYSDEMO_BLOB.EXE
C:\USERS\THE HIP\DOCUMENTS\VISUAL STUDIO 2010\PROJECTS\PHYSICSENGINE\DEBUG\PHYSDEMO_BLOB.ILK
C:\USERS\THE HIP\DOCUMENTS\VISUAL STUDIO 2010\PROJECTS\PHYSICSENGINE\DEBUG\PHYSDEMO_BLOB.PDB
C:\USERS\THE HIP\DOCUMENTS\VISUAL STUDIO 2010\PROJECTS\PHYSICSENGINE\PHYSDEMO_BLOB\DEBUG\BLOB.OBJ
C:\Users\The Hip\Documents\Visual Studio 2010\Projects\PhysicsEngine\PhysDemo_Blob\Debug\cl.command.1.tlog
C:\Users\The Hip\Documents\Visual Studio 2010\Projects\PhysicsEngine\PhysDemo_Blob\Debug\CL.read.1.tlog
C:\Users\The Hip\Documents\Visual Studio 2010\Projects\PhysicsEngine\PhysDemo_Blob\Debug\CL.write.1.tlog
C:\Users\The Hip\Documents\Visual Studio 2010\Projects\PhysicsEngine\PhysDemo_Blob\Debug\link.command.1.tlog
C:\Users\The Hip\Documents\Visual Studio 2010\Projects\PhysicsEngine\PhysDemo_Blob\Debug\link.read.1.tlog
C:\Users\The Hip\Documents\Visual Studio 2010\Projects\PhysicsEngine\PhysDemo_Blob\Debug\link.write.1.tlog
C:\Users\The Hip\Documents\Visual Studio 2010\Projects\PhysicsEngine\PhysDemo_Blob\Debug\link-cvtres.read.1.tlog
C:\Users\The Hip\Documents\Visual Studio 2010\Projects\PhysicsEngine\PhysDemo_Blob\Debug\link-cvtres.write.1.tlog
C:\Users\The Hip\Documents\Visual Studio 2010\Projects\PhysicsEngine\PhysDemo_Blob\Debug\mt.command.1.tlog
C:\Users\The Hip\Documents\Visual Studio 2010\Projects\PhysicsEngine\PhysDemo_Blob\Debug\mt.read.1.tlog
C:\Users\The Hip\Documents\Visual Studio 2010\Projects\PhysicsEngine\PhysDemo_Blob\Debug\mt.write.1.tlog
C:\USERS\THE HIP\DOCUMENTS\VISUAL STUDIO 2010\PROJECTS\PHYSICSENGINE\PHYSDEMO_BLOB\DEBUG\PHYSDEMO_BLOB.EXE.EMBED.MANIFEST
C:\USERS\THE HIP\DOCUMENTS\VISUAL STUDIO 2010\PROJECTS\PHYSICSENGINE\PHYSDEMO_BLOB\DEBUG\PHYSDEMO_BLOB.EXE.EMBED.MANIFEST.RES
C:\USERS\THE HIP\DOCUMENTS\VISUAL STUDIO 2010\PROJECTS\PHYSICSENGINE\PHYSDEMO_BLOB\DEBUG\PHYSDEMO_BLOB.EXE.INTERMEDIATE.MANIFEST
C:\Users\The Hip\Documents\Visual Studio 2010\Projects\PhysicsEngine\PhysDemo_Blob\Debug\PhysDemo_Blob.write.1.tlog
C:\Users\The Hip\Documents\Visual Studio 2010\Projects\PhysicsEngine\PhysDemo_Blob\Debug\PhysDemo_Blob_manifest.rc
C:\Users\The Hip\Documents\Visual Studio 2010\Projects\PhysicsEngine\PhysDemo_Blob\Debug\rc.command.1.tlog
C:\Users\The Hip\Documents\Visual Studio 2010\Projects\PhysicsEngine\PhysDemo_Blob\Debug\rc.read.1.tlog
C:\Users\The Hip\Documents\Visual Studio 2010\Projects\PhysicsEngine\PhysDemo_Blob\Debug\rc.write.1.tlog
C:\Users\The Hip\Documents\Visual Studio 2010\Projects\PhysicsEngine\PhysDemo_Blob\Debug\vc100.idb
C:\USERS\THE HIP\DOCUMENTS\VISUAL STUDIO 2010\PROJECTS\PHYSICSENGINE\PHYSDEMO_BLOB\DEBUG\VC100.PDB
