C:\USERS\THE HIP\DOCUMENTS\VISUAL STUDIO 2010\PROJECTS\PHYSICSENGINE\DEBUG\PHYSDEMO_PROJECTILES.EXE
C:\USERS\THE HIP\DOCUMENTS\VISUAL STUDIO 2010\PROJECTS\PHYSICSENGINE\DEBUG\PHYSDEMO_PROJECTILES.ILK
C:\USERS\THE HIP\DOCUMENTS\VISUAL STUDIO 2010\PROJECTS\PHYSICSENGINE\DEBUG\PHYSDEMO_PROJECTILES.PDB
C:\Users\The Hip\Documents\Visual Studio 2010\Projects\PhysicsEngine\PhysDemo_Projectiles\Debug\cl.command.1.tlog
C:\Users\The Hip\Documents\Visual Studio 2010\Projects\PhysicsEngine\PhysDemo_Projectiles\Debug\CL.read.1.tlog
C:\Users\The Hip\Documents\Visual Studio 2010\Projects\PhysicsEngine\PhysDemo_Projectiles\Debug\CL.write.1.tlog
C:\Users\The Hip\Documents\Visual Studio 2010\Projects\PhysicsEngine\PhysDemo_Projectiles\Debug\link.command.1.tlog
C:\Users\The Hip\Documents\Visual Studio 2010\Projects\PhysicsEngine\PhysDemo_Projectiles\Debug\link.read.1.tlog
C:\Users\The Hip\Documents\Visual Studio 2010\Projects\PhysicsEngine\PhysDemo_Projectiles\Debug\link.write.1.tlog
C:\Users\The Hip\Documents\Visual Studio 2010\Projects\PhysicsEngine\PhysDemo_Projectiles\Debug\link-cvtres.read.1.tlog
C:\Users\The Hip\Documents\Visual Studio 2010\Projects\PhysicsEngine\PhysDemo_Projectiles\Debug\link-cvtres.write.1.tlog
C:\Users\The Hip\Documents\Visual Studio 2010\Projects\PhysicsEngine\PhysDemo_Projectiles\Debug\mt.command.1.tlog
C:\Users\The Hip\Documents\Visual Studio 2010\Projects\PhysicsEngine\PhysDemo_Projectiles\Debug\mt.read.1.tlog
C:\Users\The Hip\Documents\Visual Studio 2010\Projects\PhysicsEngine\PhysDemo_Projectiles\Debug\mt.write.1.tlog
C:\USERS\THE HIP\DOCUMENTS\VISUAL STUDIO 2010\PROJECTS\PHYSICSENGINE\PHYSDEMO_PROJECTILES\DEBUG\PHYSDEMO_PROJECTILES.EXE.EMBED.MANIFEST
C:\USERS\THE HIP\DOCUMENTS\VISUAL STUDIO 2010\PROJECTS\PHYSICSENGINE\PHYSDEMO_PROJECTILES\DEBUG\PHYSDEMO_PROJECTILES.EXE.EMBED.MANIFEST.RES
C:\USERS\THE HIP\DOCUMENTS\VISUAL STUDIO 2010\PROJECTS\PHYSICSENGINE\PHYSDEMO_PROJECTILES\DEBUG\PHYSDEMO_PROJECTILES.EXE.INTERMEDIATE.MANIFEST
C:\Users\The Hip\Documents\Visual Studio 2010\Projects\PhysicsEngine\PhysDemo_Projectiles\Debug\PhysDemo_Projectiles.write.1.tlog
C:\Users\The Hip\Documents\Visual Studio 2010\Projects\PhysicsEngine\PhysDemo_Projectiles\Debug\PhysDemo_Projectiles_manifest.rc
C:\USERS\THE HIP\DOCUMENTS\VISUAL STUDIO 2010\PROJECTS\PHYSICSENGINE\PHYSDEMO_PROJECTILES\DEBUG\PROJECTILES.OBJ
C:\Users\The Hip\Documents\Visual Studio 2010\Projects\PhysicsEngine\PhysDemo_Projectiles\Debug\rc.command.1.tlog
C:\Users\The Hip\Documents\Visual Studio 2010\Projects\PhysicsEngine\PhysDemo_Projectiles\Debug\rc.read.1.tlog
C:\Users\The Hip\Documents\Visual Studio 2010\Projects\PhysicsEngine\PhysDemo_Projectiles\Debug\rc.write.1.tlog
C:\Users\The Hip\Documents\Visual Studio 2010\Projects\PhysicsEngine\PhysDemo_Projectiles\Debug\vc100.idb
C:\USERS\THE HIP\DOCUMENTS\VISUAL STUDIO 2010\PROJECTS\PHYSICSENGINE\PHYSDEMO_PROJECTILES\DEBUG\VC100.PDB
