C:\USERS\THE HIP\DOCUMENTS\VISUAL STUDIO 2010\PROJECTS\PHYSICSENGINE\DEBUG\PLATFORM.EXE
C:\USERS\THE HIP\DOCUMENTS\VISUAL STUDIO 2010\PROJECTS\PHYSICSENGINE\DEBUG\PLATFORM.ILK
C:\USERS\THE HIP\DOCUMENTS\VISUAL STUDIO 2010\PROJECTS\PHYSICSENGINE\DEBUG\PLATFORM.PDB
C:\Users\The Hip\documents\visual studio 2010\Projects\PhysicsEngine\Platform\Debug\cl.command.1.tlog
C:\Users\The Hip\documents\visual studio 2010\Projects\PhysicsEngine\Platform\Debug\CL.read.1.tlog
C:\Users\The Hip\documents\visual studio 2010\Projects\PhysicsEngine\Platform\Debug\CL.write.1.tlog
C:\Users\The Hip\documents\visual studio 2010\Projects\PhysicsEngine\Platform\Debug\link.command.1.tlog
C:\Users\The Hip\documents\visual studio 2010\Projects\PhysicsEngine\Platform\Debug\link.read.1.tlog
C:\Users\The Hip\documents\visual studio 2010\Projects\PhysicsEngine\Platform\Debug\link.write.1.tlog
C:\Users\The Hip\documents\visual studio 2010\Projects\PhysicsEngine\Platform\Debug\link-cvtres.read.1.tlog
C:\Users\The Hip\documents\visual studio 2010\Projects\PhysicsEngine\Platform\Debug\link-cvtres.write.1.tlog
C:\Users\The Hip\documents\visual studio 2010\Projects\PhysicsEngine\Platform\Debug\mt.command.1.tlog
C:\Users\The Hip\documents\visual studio 2010\Projects\PhysicsEngine\Platform\Debug\mt.read.1.tlog
C:\Users\The Hip\documents\visual studio 2010\Projects\PhysicsEngine\Platform\Debug\mt.write.1.tlog
C:\USERS\THE HIP\DOCUMENTS\VISUAL STUDIO 2010\PROJECTS\PHYSICSENGINE\PLATFORM\DEBUG\PLATFORM.EXE.EMBED.MANIFEST
C:\USERS\THE HIP\DOCUMENTS\VISUAL STUDIO 2010\PROJECTS\PHYSICSENGINE\PLATFORM\DEBUG\PLATFORM.EXE.EMBED.MANIFEST.RES
C:\USERS\THE HIP\DOCUMENTS\VISUAL STUDIO 2010\PROJECTS\PHYSICSENGINE\PLATFORM\DEBUG\PLATFORM.EXE.INTERMEDIATE.MANIFEST
C:\USERS\THE HIP\DOCUMENTS\VISUAL STUDIO 2010\PROJECTS\PHYSICSENGINE\PLATFORM\DEBUG\PLATFORM.OBJ
C:\Users\The Hip\documents\visual studio 2010\Projects\PhysicsEngine\Platform\Debug\Platform.write.1.tlog
C:\Users\The Hip\documents\visual studio 2010\Projects\PhysicsEngine\Platform\Debug\Platform_manifest.rc
C:\Users\The Hip\documents\visual studio 2010\Projects\PhysicsEngine\Platform\Debug\rc.command.1.tlog
C:\Users\The Hip\documents\visual studio 2010\Projects\PhysicsEngine\Platform\Debug\rc.read.1.tlog
C:\Users\The Hip\documents\visual studio 2010\Projects\PhysicsEngine\Platform\Debug\rc.write.1.tlog
C:\Users\The Hip\documents\visual studio 2010\Projects\PhysicsEngine\Platform\Debug\vc100.idb
C:\USERS\THE HIP\DOCUMENTS\VISUAL STUDIO 2010\PROJECTS\PHYSICSENGINE\PLATFORM\DEBUG\VC100.PDB
