C:\USERS\THE HIP\DOCUMENTS\VISUAL STUDIO 2010\PROJECTS\PHYSICSENGINE\DEBUG\PHYSICSMANAGER.EXE
C:\USERS\THE HIP\DOCUMENTS\VISUAL STUDIO 2010\PROJECTS\PHYSICSENGINE\DEBUG\PHYSICSMANAGER.ILK
C:\USERS\THE HIP\DOCUMENTS\VISUAL STUDIO 2010\PROJECTS\PHYSICSENGINE\DEBUG\PHYSICSMANAGER.PDB
C:\Users\The Hip\Documents\Visual Studio 2010\Projects\PhysicsEngine\PhysicsManager\Debug\cl.command.1.tlog
C:\Users\The Hip\Documents\Visual Studio 2010\Projects\PhysicsEngine\PhysicsManager\Debug\CL.read.1.tlog
C:\Users\The Hip\Documents\Visual Studio 2010\Projects\PhysicsEngine\PhysicsManager\Debug\CL.write.1.tlog
C:\Users\The Hip\Documents\Visual Studio 2010\Projects\PhysicsEngine\PhysicsManager\Debug\link.command.1.tlog
C:\Users\The Hip\Documents\Visual Studio 2010\Projects\PhysicsEngine\PhysicsManager\Debug\link.read.1.tlog
C:\Users\The Hip\Documents\Visual Studio 2010\Projects\PhysicsEngine\PhysicsManager\Debug\link.write.1.tlog
C:\Users\The Hip\Documents\Visual Studio 2010\Projects\PhysicsEngine\PhysicsManager\Debug\link-cvtres.read.1.tlog
C:\Users\The Hip\Documents\Visual Studio 2010\Projects\PhysicsEngine\PhysicsManager\Debug\link-cvtres.write.1.tlog
C:\USERS\THE HIP\DOCUMENTS\VISUAL STUDIO 2010\PROJECTS\PHYSICSENGINE\PHYSICSMANAGER\DEBUG\MAIN.OBJ
C:\Users\The Hip\Documents\Visual Studio 2010\Projects\PhysicsEngine\PhysicsManager\Debug\mt.command.1.tlog
C:\Users\The Hip\Documents\Visual Studio 2010\Projects\PhysicsEngine\PhysicsManager\Debug\mt.read.1.tlog
C:\Users\The Hip\Documents\Visual Studio 2010\Projects\PhysicsEngine\PhysicsManager\Debug\mt.write.1.tlog
C:\USERS\THE HIP\DOCUMENTS\VISUAL STUDIO 2010\PROJECTS\PHYSICSENGINE\PHYSICSMANAGER\DEBUG\PHYSICSMANAGER.EXE.EMBED.MANIFEST
C:\USERS\THE HIP\DOCUMENTS\VISUAL STUDIO 2010\PROJECTS\PHYSICSENGINE\PHYSICSMANAGER\DEBUG\PHYSICSMANAGER.EXE.EMBED.MANIFEST.RES
C:\USERS\THE HIP\DOCUMENTS\VISUAL STUDIO 2010\PROJECTS\PHYSICSENGINE\PHYSICSMANAGER\DEBUG\PHYSICSMANAGER.EXE.INTERMEDIATE.MANIFEST
C:\USERS\THE HIP\DOCUMENTS\VISUAL STUDIO 2010\PROJECTS\PHYSICSENGINE\PHYSICSMANAGER\DEBUG\PHYSICSMANAGER.OBJ
C:\Users\The Hip\Documents\Visual Studio 2010\Projects\PhysicsEngine\PhysicsManager\Debug\PhysicsManager.write.1.tlog
C:\Users\The Hip\Documents\Visual Studio 2010\Projects\PhysicsEngine\PhysicsManager\Debug\PhysicsManager_manifest.rc
C:\Users\The Hip\Documents\Visual Studio 2010\Projects\PhysicsEngine\PhysicsManager\Debug\rc.command.1.tlog
C:\Users\The Hip\Documents\Visual Studio 2010\Projects\PhysicsEngine\PhysicsManager\Debug\rc.read.1.tlog
C:\Users\The Hip\Documents\Visual Studio 2010\Projects\PhysicsEngine\PhysicsManager\Debug\rc.write.1.tlog
C:\Users\The Hip\Documents\Visual Studio 2010\Projects\PhysicsEngine\PhysicsManager\Debug\vc100.idb
C:\USERS\THE HIP\DOCUMENTS\VISUAL STUDIO 2010\PROJECTS\PHYSICSENGINE\PHYSICSMANAGER\DEBUG\VC100.PDB
